<?xml version="1.0" encoding="UTF-8"?>
<testsuite xmlns:xsi="http://www.w3.org/2001/XMLSchema-instance" xsi:noNamespaceSchemaLocation="https://maven.apache.org/surefire/maven-surefire-plugin/xsd/surefire-test-report.xsd" name="com.example.StringCalculatorTest" time="0.029" tests="4" errors="0" skipped="0" failures="0">
  <properties>
[...]
</properties>
  <testcase name="testNewLineDelimiter" classname="com.example.StringCalculatorTest" time="0.02"/>
  <testcase name="testEmptyString" classname="com.example.StringCalculatorTest" time="0"/>
  <testcase name="testTwoNumbers" classname="com.example.StringCalculatorTest" time="0.001"/>
  <testcase name="testOneNumber" classname="com.example.StringCalculatorTest" time="0.001"/>
</testsuite>