<?xml version="1.0" encoding="UTF-8"?>
<testsuite xmlns:xsi="http://www.w3.org/2001/XMLSchema-instance" xsi:noNamespaceSchemaLocation="https://maven.apache.org/surefire/maven-surefire-plugin/xsd/surefire-test-report-3.0.xsd" version="3.0" name="org.acme.GreetingResourceTest" time="4.752" tests="1" errors="0" skipped="0" failures="0">
  <properties>
[...]
</properties>
  <testcase name="testHelloEndpoint" classname="org.acme.GreetingResourceTest" time="0.907">
    <system-out><![CDATA[2024-01-04 14:29:15,976 INFO  [io.quarkus] (main) code-with-quarkus 1.0.0-SNAPSHOT on JVM (powered by Quarkus 3.6.4) started in 1.675s. Listening on: http://localhost:8081
2024-01-04 14:29:15,977 INFO  [io.quarkus] (main) Profile test activated. 
2024-01-04 14:29:15,977 INFO  [io.quarkus] (main) Installed features: [cdi, resteasy, resteasy-jaxb, resteasy-jsonb, smallrye-context-propagation, vertx]
]]></system-out>
  </testcase>
</testsuite>